Using pre-set license
Built from '2020.3/staging' branch; Version is '2020.3.26f1 (7298b473bc1a) revision 7510196'; Using compiler version '192528614'; Build Type 'Release'
OS: 'Windows 10  (10.0.19044) 64bit CoreSingleLanguage' Language: 'en' Physical Memory: 8029 MB
BatchMode: 1, IsHumanControllingUs: 0, StartBugReporterOnCrash: 0, Is64bit: 1, IsPro: 0

COMMAND LINE ARGUMENTS:
C:\Users\TUF ASUS\Downloads\2020.3.26f1\Editor\Unity.exe
-adb2
-batchMode
-noUpm
-name
AssetImportWorker0
-projectPath
C:/Users/TUF ASUS/Documents/GitHub/taller_dos/taller_2_scripting
-logFile
Logs/AssetImportWorker0.log
-srvPort
<<<<<<< HEAD
60501
Successfully changed project path to: C:/Users/TUF ASUS/Documents/GitHub/taller_dos/taller_2_scripting
C:/Users/TUF ASUS/Documents/GitHub/taller_dos/taller_2_scripting
Using Asset Import Pipeline V2.
Refreshing native plugins compatible for Editor in 41.71 ms, found 3 plugins.
=======
55375
Successfully changed project path to: C:/Users/TUF ASUS/Documents/GitHub/taller_dos/taller_2_scripting
C:/Users/TUF ASUS/Documents/GitHub/taller_dos/taller_2_scripting
Using Asset Import Pipeline V2.
Refreshing native plugins compatible for Editor in 116.48 ms, found 3 plugins.
>>>>>>> b0541dbf92c5954edd8c01ab51909a0cf1030270
Preloading 0 native plugins for Editor in 0.00 ms.
Initialize engine version: 2020.3.26f1 (7298b473bc1a)
[Subsystems] Discovering subsystems at path C:/Users/TUF ASUS/Downloads/2020.3.26f1/Editor/Data/Resources/UnitySubsystems
[Subsystems] Discovering subsystems at path C:/Users/TUF ASUS/Documents/GitHub/taller_dos/taller_2_scripting/Assets
GfxDevice: creating device client; threaded=0
Direct3D:
    Version:  Direct3D 11.0 [level 11.1]
    Renderer: NVIDIA GeForce GTX 1650 (ID=0x1f99)
    Vendor:   
    VRAM:     3962 MB
    Driver:   30.0.15.1179
Initialize mono
Mono path[0] = 'C:/Users/TUF ASUS/Downloads/2020.3.26f1/Editor/Data/Managed'
Mono path[1] = 'C:/Users/TUF ASUS/Downloads/2020.3.26f1/Editor/Data/MonoBleedingEdge/lib/mono/unityjit'
Mono config path = 'C:/Users/TUF ASUS/Downloads/2020.3.26f1/Editor/Data/MonoBleedingEdge/etc'
<<<<<<< HEAD
Using monoOptions --debugger-agent=transport=dt_socket,embedding=1,server=y,suspend=n,address=127.0.0.1:56300
Begin MonoManager ReloadAssembly
Registering precompiled unity dll's ...
Register platform support module: C:/Users/TUF ASUS/Downloads/2020.3.26f1/Editor/Data/PlaybackEngines/WindowsStandaloneSupport/UnityEditor.WindowsStandalone.Extensions.dll
Registered in 0.001704 seconds.
Native extension for WindowsStandalone target not found
Refreshing native plugins compatible for Editor in 42.52 ms, found 3 plugins.
Preloading 0 native plugins for Editor in 0.00 ms.
Mono: successfully reloaded assembly
- Completed reload, in  0.537 seconds
Domain Reload Profiling:
	ReloadAssembly (537ms)
		BeginReloadAssembly (49ms)
=======
Using monoOptions --debugger-agent=transport=dt_socket,embedding=1,server=y,suspend=n,address=127.0.0.1:56932
Begin MonoManager ReloadAssembly
Registering precompiled unity dll's ...
Register platform support module: C:/Users/TUF ASUS/Downloads/2020.3.26f1/Editor/Data/PlaybackEngines/WindowsStandaloneSupport/UnityEditor.WindowsStandalone.Extensions.dll
Registered in 0.001509 seconds.
Native extension for WindowsStandalone target not found
Refreshing native plugins compatible for Editor in 37.91 ms, found 3 plugins.
Preloading 0 native plugins for Editor in 0.00 ms.
Mono: successfully reloaded assembly
- Completed reload, in  0.520 seconds
Domain Reload Profiling:
	ReloadAssembly (521ms)
		BeginReloadAssembly (45ms)
>>>>>>> b0541dbf92c5954edd8c01ab51909a0cf1030270
			ExecutionOrderSort (0ms)
			DisableScriptedObjects (0ms)
			BackupInstance (0ms)
			ReleaseScriptingObjects (0ms)
			CreateAndSetChildDomain (1ms)
<<<<<<< HEAD
		EndReloadAssembly (419ms)
			LoadAssemblies (47ms)
			RebuildTransferFunctionScriptingTraits (0ms)
			SetupTypeCache (142ms)
			ReleaseScriptCaches (0ms)
			RebuildScriptCaches (27ms)
			SetupLoadedEditorAssemblies (161ms)
				LogAssemblyErrors (0ms)
				InitializePlatformSupportModulesInManaged (4ms)
				SetLoadedEditorAssemblies (0ms)
				RefreshPlugins (43ms)
				BeforeProcessingInitializeOnLoad (14ms)
				ProcessInitializeOnLoadAttributes (74ms)
=======
		EndReloadAssembly (411ms)
			LoadAssemblies (43ms)
			RebuildTransferFunctionScriptingTraits (0ms)
			SetupTypeCache (138ms)
			ReleaseScriptCaches (0ms)
			RebuildScriptCaches (27ms)
			SetupLoadedEditorAssemblies (155ms)
				LogAssemblyErrors (0ms)
				InitializePlatformSupportModulesInManaged (5ms)
				SetLoadedEditorAssemblies (0ms)
				RefreshPlugins (38ms)
				BeforeProcessingInitializeOnLoad (13ms)
				ProcessInitializeOnLoadAttributes (73ms)
>>>>>>> b0541dbf92c5954edd8c01ab51909a0cf1030270
				ProcessInitializeOnLoadMethodAttributes (26ms)
				AfterProcessingInitializeOnLoad (0ms)
				EditorAssembliesLoaded (0ms)
			ExecutionOrderSort2 (0ms)
			AwakeInstancesAfterBackupRestoration (0ms)
Platform modules already initialized, skipping
Registering precompiled user dll's ...
<<<<<<< HEAD
Registered in 0.004247 seconds.
Begin MonoManager ReloadAssembly
Native extension for WindowsStandalone target not found
Refreshing native plugins compatible for Editor in 45.09 ms, found 3 plugins.
Preloading 0 native plugins for Editor in 0.00 ms.
Mono: successfully reloaded assembly
- Completed reload, in  1.056 seconds
Domain Reload Profiling:
	ReloadAssembly (1057ms)
=======
Registered in 0.005226 seconds.
Begin MonoManager ReloadAssembly
Native extension for WindowsStandalone target not found
Refreshing native plugins compatible for Editor in 41.02 ms, found 3 plugins.
Preloading 0 native plugins for Editor in 0.00 ms.
Mono: successfully reloaded assembly
- Completed reload, in  1.037 seconds
Domain Reload Profiling:
	ReloadAssembly (1037ms)
>>>>>>> b0541dbf92c5954edd8c01ab51909a0cf1030270
		BeginReloadAssembly (128ms)
			ExecutionOrderSort (0ms)
			DisableScriptedObjects (4ms)
			BackupInstance (0ms)
			ReleaseScriptingObjects (0ms)
<<<<<<< HEAD
			CreateAndSetChildDomain (15ms)
		EndReloadAssembly (870ms)
			LoadAssemblies (81ms)
			RebuildTransferFunctionScriptingTraits (0ms)
			SetupTypeCache (291ms)
			ReleaseScriptCaches (0ms)
			RebuildScriptCaches (47ms)
			SetupLoadedEditorAssemblies (331ms)
				LogAssemblyErrors (0ms)
				InitializePlatformSupportModulesInManaged (3ms)
				SetLoadedEditorAssemblies (0ms)
				RefreshPlugins (45ms)
				BeforeProcessingInitializeOnLoad (77ms)
				ProcessInitializeOnLoadAttributes (177ms)
				ProcessInitializeOnLoadMethodAttributes (21ms)
				AfterProcessingInitializeOnLoad (7ms)
				EditorAssembliesLoaded (0ms)
			ExecutionOrderSort2 (0ms)
			AwakeInstancesAfterBackupRestoration (5ms)
=======
			CreateAndSetChildDomain (16ms)
		EndReloadAssembly (848ms)
			LoadAssemblies (89ms)
			RebuildTransferFunctionScriptingTraits (0ms)
			SetupTypeCache (282ms)
			ReleaseScriptCaches (0ms)
			RebuildScriptCaches (42ms)
			SetupLoadedEditorAssemblies (324ms)
				LogAssemblyErrors (0ms)
				InitializePlatformSupportModulesInManaged (4ms)
				SetLoadedEditorAssemblies (0ms)
				RefreshPlugins (41ms)
				BeforeProcessingInitializeOnLoad (81ms)
				ProcessInitializeOnLoadAttributes (179ms)
				ProcessInitializeOnLoadMethodAttributes (15ms)
				AfterProcessingInitializeOnLoad (5ms)
				EditorAssembliesLoaded (0ms)
			ExecutionOrderSort2 (0ms)
			AwakeInstancesAfterBackupRestoration (6ms)
>>>>>>> b0541dbf92c5954edd8c01ab51909a0cf1030270
Platform modules already initialized, skipping
========================================================================
Worker process is ready to serve import requests
Launched and connected shader compiler UnityShaderCompiler.exe after 0.04 seconds
<<<<<<< HEAD
Refreshing native plugins compatible for Editor in 0.45 ms, found 3 plugins.
=======
Refreshing native plugins compatible for Editor in 0.43 ms, found 3 plugins.
>>>>>>> b0541dbf92c5954edd8c01ab51909a0cf1030270
Preloading 0 native plugins for Editor in 0.00 ms.
Unloading 2201 Unused Serialized files (Serialized files now loaded: 0)
System memory in use before: 95.9 MB.
System memory in use after: 96.0 MB.

Unloading 28 unused Assets to reduce memory usage. Loaded Objects now: 2634.
<<<<<<< HEAD
Total: 2.679000 ms (FindLiveObjects: 0.166400 ms CreateObjectMapping: 0.089700 ms MarkObjects: 2.365000 ms  DeleteObjects: 0.056700 ms)

AssetImportParameters requested are different than current active one (requested -> active):
  custom:framework-win-MediaFoundation: 216162199b28c13a410421893ffa2e32 -> 
  custom:video-decoder-ogg-theora: a1e56fd34408186e4bbccfd4996cb3dc -> 
  custom:container-muxer-webm: aa71ff27fc2769a1b78a27578f13a17b -> 
  custom:container-demuxer-webm: 4f35f7cbe854078d1ac9338744f61a02 -> 
  custom:container-demuxer-ogg: 62fdf1f143b41e24485cea50d1cbac27 -> 
  custom:video-encoder-webm-vp8: eb34c28f22e8b96e1ab97ce403110664 -> 
  custom:video-codec-MediaFoundation-h265: 746d11721c4dcdbdad8f713fa42b33f4 -> 
  custom:video-decoder-webm-vp8: 9c59270c3fd7afecdb556c50c9e8de78 -> 
  custom:audio-decoder-ogg-vorbis: bf7c407c2cedff20999df2af8eb42d56 -> 
  custom:audio-encoder-webm-vorbis: bf7c407c2cedff20999df2af8eb42d56 -> 
========================================================================
Received Import Request.
  path: Assets/Scripts/Cards/papa.asset
  artifactKey: Guid(e313575f2b80a834799df23dafaf7c25) Importer(815301076,1909f56bfc062723c751e8b465ee728b)
Start importing Assets/Scripts/Cards/papa.asset using Guid(e313575f2b80a834799df23dafaf7c25) Importer(815301076,1909f56bfc062723c751e8b465ee728b)  -> (artifact id: '7adf356fa0ed725cadb72243606e4860') in 0.029906 seconds 
  Import took 0.033447 seconds .

========================================================================
Received Import Request.
  Time since last request: 576.910537 seconds.
  path: Assets/Scripts/Cards/zanahoria.asset
  artifactKey: Guid(14cb86d3571304149bd5b72c6d3dd54e) Importer(815301076,1909f56bfc062723c751e8b465ee728b)
Start importing Assets/Scripts/Cards/zanahoria.asset using Guid(14cb86d3571304149bd5b72c6d3dd54e) Importer(815301076,1909f56bfc062723c751e8b465ee728b)  -> (artifact id: 'acbc7ee4794f2ad824ed2636dd99ac06') in 0.010000 seconds 
  Import took 0.015378 seconds .

========================================================================
Received Import Request.
  Time since last request: 92.086763 seconds.
  path: Assets/Scripts/Cards/Chufa.asset
  artifactKey: Guid(085d311aeea9ea744a1895f65180e32b) Importer(815301076,1909f56bfc062723c751e8b465ee728b)
Start importing Assets/Scripts/Cards/Chufa.asset using Guid(085d311aeea9ea744a1895f65180e32b) Importer(815301076,1909f56bfc062723c751e8b465ee728b)  -> (artifact id: 'a9ee3bf9cf834efad7f6c75b2082fe1d') in 0.007648 seconds 
  Import took 0.012321 seconds .

========================================================================
Received Import Request.
  Time since last request: 7.626640 seconds.
  path: Assets/Scripts/Cards/chufa.asset
  artifactKey: Guid(085d311aeea9ea744a1895f65180e32b) Importer(815301076,1909f56bfc062723c751e8b465ee728b)
Start importing Assets/Scripts/Cards/chufa.asset using Guid(085d311aeea9ea744a1895f65180e32b) Importer(815301076,1909f56bfc062723c751e8b465ee728b)  -> (artifact id: '5959dc413934103052ac7d07506f7469') in 0.011026 seconds 
  Import took 0.015287 seconds .

========================================================================
Received Import Request.
  Time since last request: 67.708373 seconds.
  path: Assets/Scripts/Cards/Rabano.asset
  artifactKey: Guid(3e17f3006dfb5214f804b38476d963a9) Importer(815301076,1909f56bfc062723c751e8b465ee728b)
Start importing Assets/Scripts/Cards/Rabano.asset using Guid(3e17f3006dfb5214f804b38476d963a9) Importer(815301076,1909f56bfc062723c751e8b465ee728b)  -> (artifact id: '9e2c8b1916803765b296805c4fcf4088') in 0.010890 seconds 
  Import took 0.015199 seconds .

========================================================================
Received Import Request.
  Time since last request: 18.735113 seconds.
  path: Assets/Scripts/Cards/rabano.asset
  artifactKey: Guid(3e17f3006dfb5214f804b38476d963a9) Importer(815301076,1909f56bfc062723c751e8b465ee728b)
Start importing Assets/Scripts/Cards/rabano.asset using Guid(3e17f3006dfb5214f804b38476d963a9) Importer(815301076,1909f56bfc062723c751e8b465ee728b)  -> (artifact id: 'edc3cb52791954ef7eb1727a1b3aef0e') in 0.009174 seconds 
  Import took 0.013065 seconds .

========================================================================
Received Import Request.
  Time since last request: 71.293796 seconds.
  path: Assets/Scripts/Cards/Boniato.asset
  artifactKey: Guid(495b16962871be446a1dc5bba5cf34e3) Importer(815301076,1909f56bfc062723c751e8b465ee728b)
Start importing Assets/Scripts/Cards/Boniato.asset using Guid(495b16962871be446a1dc5bba5cf34e3) Importer(815301076,1909f56bfc062723c751e8b465ee728b)  -> (artifact id: '64d889e121663d61658462d91a0b5608') in 0.007712 seconds 
  Import took 0.013542 seconds .

========================================================================
Received Import Request.
  Time since last request: 6.578201 seconds.
  path: Assets/Scripts/Cards/boniato.asset
  artifactKey: Guid(495b16962871be446a1dc5bba5cf34e3) Importer(815301076,1909f56bfc062723c751e8b465ee728b)
Start importing Assets/Scripts/Cards/boniato.asset using Guid(495b16962871be446a1dc5bba5cf34e3) Importer(815301076,1909f56bfc062723c751e8b465ee728b)  -> (artifact id: 'd23370ee493bea3e0011e1a7fb05c10b') in 0.008089 seconds 
  Import took 0.012943 seconds .

========================================================================
Received Import Request.
  Time since last request: 58.147379 seconds.
  path: Assets/Scripts/Cards/Yuca.asset
  artifactKey: Guid(b3b903aa870b25241b774f61b473933c) Importer(815301076,1909f56bfc062723c751e8b465ee728b)
Start importing Assets/Scripts/Cards/Yuca.asset using Guid(b3b903aa870b25241b774f61b473933c) Importer(815301076,1909f56bfc062723c751e8b465ee728b)  -> (artifact id: '073bd9f1426ad48c8c5980fc1af57814') in 0.011316 seconds 
  Import took 0.015885 seconds .

========================================================================
Received Import Request.
  Time since last request: 9.556809 seconds.
  path: Assets/Scripts/Cards/yuca.asset
  artifactKey: Guid(b3b903aa870b25241b774f61b473933c) Importer(815301076,1909f56bfc062723c751e8b465ee728b)
Start importing Assets/Scripts/Cards/yuca.asset using Guid(b3b903aa870b25241b774f61b473933c) Importer(815301076,1909f56bfc062723c751e8b465ee728b)  -> (artifact id: '3aef4d43a4a65237869427be52b6fac4') in 0.009012 seconds 
  Import took 0.014250 seconds .

========================================================================
Received Import Request.
  Time since last request: 69.275088 seconds.
  path: Assets/Scripts/Cards/wasabi.asset
  artifactKey: Guid(c8cc1abb06f63ce4ca60df6053a6300b) Importer(815301076,1909f56bfc062723c751e8b465ee728b)
Start importing Assets/Scripts/Cards/wasabi.asset using Guid(c8cc1abb06f63ce4ca60df6053a6300b) Importer(815301076,1909f56bfc062723c751e8b465ee728b)  -> (artifact id: '2b84a90598c6e6aecc8527c676013d2a') in 0.013420 seconds 
  Import took 0.020554 seconds .

========================================================================
Received Import Request.
  Time since last request: 68.164689 seconds.
  path: Assets/Scripts/Cards/daikon.asset
  artifactKey: Guid(ec29de650ebb1454db92a13b78569ab3) Importer(815301076,1909f56bfc062723c751e8b465ee728b)
Start importing Assets/Scripts/Cards/daikon.asset using Guid(ec29de650ebb1454db92a13b78569ab3) Importer(815301076,1909f56bfc062723c751e8b465ee728b)  -> (artifact id: '8562d54eec131a14307eb553cbe8aa56') in 0.009308 seconds 
  Import took 0.017468 seconds .

========================================================================
Received Import Request.
  Time since last request: 81.670786 seconds.
  path: Assets/Scripts/Cards/ginseng.asset
  artifactKey: Guid(97a815d90ba149246b7ba80cf830f5b8) Importer(815301076,1909f56bfc062723c751e8b465ee728b)
Start importing Assets/Scripts/Cards/ginseng.asset using Guid(97a815d90ba149246b7ba80cf830f5b8) Importer(815301076,1909f56bfc062723c751e8b465ee728b)  -> (artifact id: '5c203347d5bbc845e271b1c75eebc793') in 0.012743 seconds 
  Import took 0.020031 seconds .

========================================================================
Received Import Request.
  Time since last request: 63.945999 seconds.
  path: Assets/Scripts/Cards/jengibre.asset
  artifactKey: Guid(239f9b9f1b16a71498210b67fe61f092) Importer(815301076,1909f56bfc062723c751e8b465ee728b)
Start importing Assets/Scripts/Cards/jengibre.asset using Guid(239f9b9f1b16a71498210b67fe61f092) Importer(815301076,1909f56bfc062723c751e8b465ee728b)  -> (artifact id: '630ccbff4ddc4e05c17d3fffb5e0d76d') in 0.012559 seconds 
  Import took 0.033254 seconds .

========================================================================
Received Import Request.
  Time since last request: 40.633901 seconds.
  path: Assets/Scripts/Cards/boniato.asset
  artifactKey: Guid(495b16962871be446a1dc5bba5cf34e3) Importer(815301076,1909f56bfc062723c751e8b465ee728b)
Start importing Assets/Scripts/Cards/boniato.asset using Guid(495b16962871be446a1dc5bba5cf34e3) Importer(815301076,1909f56bfc062723c751e8b465ee728b)  -> (artifact id: '1dee8652bad6b39e4cd6133328677b4f') in 0.005225 seconds 
  Import took 0.011621 seconds .

========================================================================
Received Import Request.
  Time since last request: 38.193428 seconds.
  path: Assets/Scripts/Cards/holandesa.asset
  artifactKey: Guid(3f348ab5fe173464cbcffb8991ccdc7d) Importer(815301076,1909f56bfc062723c751e8b465ee728b)
Start importing Assets/Scripts/Cards/holandesa.asset using Guid(3f348ab5fe173464cbcffb8991ccdc7d) Importer(815301076,1909f56bfc062723c751e8b465ee728b)  -> (artifact id: '5323ed4089bf5698996fe7163c04b724') in 0.009375 seconds 
  Import took 0.015645 seconds .

========================================================================
Received Import Request.
  Time since last request: 56.161414 seconds.
  path: Assets/Scripts/Cards/bechamel.asset
  artifactKey: Guid(ff408336656f3c04c8a2b7799aaefa52) Importer(815301076,1909f56bfc062723c751e8b465ee728b)
Start importing Assets/Scripts/Cards/bechamel.asset using Guid(ff408336656f3c04c8a2b7799aaefa52) Importer(815301076,1909f56bfc062723c751e8b465ee728b)  -> (artifact id: 'c110adda711fda5361fab306d7e4cdef') in 0.010741 seconds 
  Import took 0.015554 seconds .

========================================================================
Received Import Request.
  Time since last request: 82.148271 seconds.
  path: Assets/Scripts/Cards/veloute.asset
  artifactKey: Guid(ee56bd17403c34d46bc351fbe4aa9a5e) Importer(815301076,1909f56bfc062723c751e8b465ee728b)
Start importing Assets/Scripts/Cards/veloute.asset using Guid(ee56bd17403c34d46bc351fbe4aa9a5e) Importer(815301076,1909f56bfc062723c751e8b465ee728b)  -> (artifact id: 'c079d2b21e3d849fae0ce4fbbc228588') in 0.009402 seconds 
  Import took 0.014202 seconds .

========================================================================
Received Import Request.
  Time since last request: 52.485311 seconds.
  path: Assets/Scripts/Cards/chufa.asset
  artifactKey: Guid(085d311aeea9ea744a1895f65180e32b) Importer(815301076,1909f56bfc062723c751e8b465ee728b)
Start importing Assets/Scripts/Cards/chufa.asset using Guid(085d311aeea9ea744a1895f65180e32b) Importer(815301076,1909f56bfc062723c751e8b465ee728b)  -> (artifact id: '9c58e07ba6baf9a89f137a148143346e') in 0.004318 seconds 
  Import took 0.007670 seconds .

========================================================================
Received Import Request.
  Time since last request: 0.000188 seconds.
  path: Assets/Scripts/Cards/ginseng.asset
  artifactKey: Guid(97a815d90ba149246b7ba80cf830f5b8) Importer(815301076,1909f56bfc062723c751e8b465ee728b)
Start importing Assets/Scripts/Cards/ginseng.asset using Guid(97a815d90ba149246b7ba80cf830f5b8) Importer(815301076,1909f56bfc062723c751e8b465ee728b)  -> (artifact id: '4ea4523e03e9eb8ec137d144e3ba0375') in 0.004983 seconds 
  Import took 0.010503 seconds .

========================================================================
Received Import Request.
  Time since last request: 0.000477 seconds.
  path: Assets/Scripts/Cards/yuca.asset
  artifactKey: Guid(b3b903aa870b25241b774f61b473933c) Importer(815301076,1909f56bfc062723c751e8b465ee728b)
Start importing Assets/Scripts/Cards/yuca.asset using Guid(b3b903aa870b25241b774f61b473933c) Importer(815301076,1909f56bfc062723c751e8b465ee728b)  -> (artifact id: '61e326eee5e7f295b7edc139d3b98a16') in 0.014642 seconds 
  Import took 0.023669 seconds .

========================================================================
Received Import Request.
  Time since last request: 0.000226 seconds.
  path: Assets/Scripts/Cards/jengibre.asset
  artifactKey: Guid(239f9b9f1b16a71498210b67fe61f092) Importer(815301076,1909f56bfc062723c751e8b465ee728b)
Start importing Assets/Scripts/Cards/jengibre.asset using Guid(239f9b9f1b16a71498210b67fe61f092) Importer(815301076,1909f56bfc062723c751e8b465ee728b)  -> (artifact id: '539d901b0831828e6cb4d69c9f37e6b1') in 0.006260 seconds 
  Import took 0.013887 seconds .

========================================================================
Received Import Request.
  Time since last request: 0.000276 seconds.
  path: Assets/Scripts/Cards/wasabi.asset
  artifactKey: Guid(c8cc1abb06f63ce4ca60df6053a6300b) Importer(815301076,1909f56bfc062723c751e8b465ee728b)
Start importing Assets/Scripts/Cards/wasabi.asset using Guid(c8cc1abb06f63ce4ca60df6053a6300b) Importer(815301076,1909f56bfc062723c751e8b465ee728b)  -> (artifact id: '8ac026c3a0b9d888daca891f47eeda38') in 0.006090 seconds 
  Import took 0.102220 seconds .

========================================================================
Received Import Request.
  Time since last request: 0.000226 seconds.
  path: Assets/Scripts/Cards/rabano.asset
  artifactKey: Guid(3e17f3006dfb5214f804b38476d963a9) Importer(815301076,1909f56bfc062723c751e8b465ee728b)
Start importing Assets/Scripts/Cards/rabano.asset using Guid(3e17f3006dfb5214f804b38476d963a9) Importer(815301076,1909f56bfc062723c751e8b465ee728b)  -> (artifact id: 'd6209f3f23f0eda047ede7b309b934e3') in 0.004866 seconds 
  Import took 0.009143 seconds .

========================================================================
Received Import Request.
  Time since last request: 0.000209 seconds.
  path: Assets/Scripts/Cards/zanahoria.asset
  artifactKey: Guid(14cb86d3571304149bd5b72c6d3dd54e) Importer(815301076,1909f56bfc062723c751e8b465ee728b)
Start importing Assets/Scripts/Cards/zanahoria.asset using Guid(14cb86d3571304149bd5b72c6d3dd54e) Importer(815301076,1909f56bfc062723c751e8b465ee728b)  -> (artifact id: '04aa86f5e684c82acea73d32d7a86a63') in 0.004461 seconds 
  Import took 0.008693 seconds .

========================================================================
Received Import Request.
  Time since last request: 0.000345 seconds.
  path: Assets/Scripts/Cards/daikon.asset
  artifactKey: Guid(ec29de650ebb1454db92a13b78569ab3) Importer(815301076,1909f56bfc062723c751e8b465ee728b)
Start importing Assets/Scripts/Cards/daikon.asset using Guid(ec29de650ebb1454db92a13b78569ab3) Importer(815301076,1909f56bfc062723c751e8b465ee728b)  -> (artifact id: '02cff5647eecde55a300d0e7e511c075') in 0.006223 seconds 
  Import took 0.011602 seconds .

========================================================================
Received Import Request.
  Time since last request: 14.458692 seconds.
  path: Assets/Scripts/Cards/mayonesa.asset
  artifactKey: Guid(a1a24ca64094ddf449b8100f536551dd) Importer(815301076,1909f56bfc062723c751e8b465ee728b)
Start importing Assets/Scripts/Cards/mayonesa.asset using Guid(a1a24ca64094ddf449b8100f536551dd) Importer(815301076,1909f56bfc062723c751e8b465ee728b)  -> (artifact id: 'e9ed2f7034a67be881f4239e33d09763') in 0.007288 seconds 
  Import took 0.013741 seconds .

========================================================================
Received Import Request.
  Time since last request: 73.492846 seconds.
  path: Assets/Scripts/Cards/barbacoa.asset
  artifactKey: Guid(4f1ba8c93287bb241b1fa12ec48f1874) Importer(815301076,1909f56bfc062723c751e8b465ee728b)
Start importing Assets/Scripts/Cards/barbacoa.asset using Guid(4f1ba8c93287bb241b1fa12ec48f1874) Importer(815301076,1909f56bfc062723c751e8b465ee728b)  -> (artifact id: '426f0f3e4d2f70f3de3e1736dcb94358') in 0.007375 seconds 
  Import took 0.013824 seconds .

========================================================================
Received Import Request.
  Time since last request: 115.591675 seconds.
  path: Assets/Scripts/Cards/ajo.asset
  artifactKey: Guid(3c384ac62269e254ba79698b684097c4) Importer(815301076,1909f56bfc062723c751e8b465ee728b)
Start importing Assets/Scripts/Cards/ajo.asset using Guid(3c384ac62269e254ba79698b684097c4) Importer(815301076,1909f56bfc062723c751e8b465ee728b)  -> (artifact id: '6e261c155b704375208d31d466f5f6b8') in 0.008354 seconds 
  Import took 0.012604 seconds .

========================================================================
Received Prepare
Registering precompiled user dll's ...
Registered in 0.005996 seconds.
Begin MonoManager ReloadAssembly
Native extension for WindowsStandalone target not found
Refreshing native plugins compatible for Editor in 0.43 ms, found 3 plugins.
Preloading 0 native plugins for Editor in 0.00 ms.
Mono: successfully reloaded assembly
- Completed reload, in  0.998 seconds
Domain Reload Profiling:
	ReloadAssembly (999ms)
		BeginReloadAssembly (121ms)
			ExecutionOrderSort (0ms)
			DisableScriptedObjects (8ms)
			BackupInstance (0ms)
			ReleaseScriptingObjects (0ms)
			CreateAndSetChildDomain (43ms)
		EndReloadAssembly (821ms)
			LoadAssemblies (97ms)
			RebuildTransferFunctionScriptingTraits (0ms)
			SetupTypeCache (292ms)
			ReleaseScriptCaches (1ms)
			RebuildScriptCaches (39ms)
			SetupLoadedEditorAssemblies (291ms)
				LogAssemblyErrors (0ms)
				InitializePlatformSupportModulesInManaged (4ms)
				SetLoadedEditorAssemblies (1ms)
				RefreshPlugins (0ms)
				BeforeProcessingInitializeOnLoad (81ms)
				ProcessInitializeOnLoadAttributes (184ms)
				ProcessInitializeOnLoadMethodAttributes (12ms)
				AfterProcessingInitializeOnLoad (8ms)
				EditorAssembliesLoaded (0ms)
			ExecutionOrderSort2 (0ms)
			AwakeInstancesAfterBackupRestoration (9ms)
Platform modules already initialized, skipping
Refreshing native plugins compatible for Editor in 0.49 ms, found 3 plugins.
Preloading 0 native plugins for Editor in 0.00 ms.
Unloading 2190 Unused Serialized files (Serialized files now loaded: 0)
System memory in use before: 95.3 MB.
System memory in use after: 95.4 MB.

Unloading 17 unused Assets to reduce memory usage. Loaded Objects now: 2636.
Total: 2.753800 ms (FindLiveObjects: 0.161700 ms CreateObjectMapping: 0.090900 ms MarkObjects: 2.480500 ms  DeleteObjects: 0.019700 ms)

AssetImportParameters requested are different than current active one (requested -> active):
  custom:framework-win-MediaFoundation: 216162199b28c13a410421893ffa2e32 -> 
  custom:video-decoder-ogg-theora: a1e56fd34408186e4bbccfd4996cb3dc -> 
  custom:container-muxer-webm: aa71ff27fc2769a1b78a27578f13a17b -> 
  custom:container-demuxer-webm: 4f35f7cbe854078d1ac9338744f61a02 -> 
  custom:container-demuxer-ogg: 62fdf1f143b41e24485cea50d1cbac27 -> 
  custom:video-encoder-webm-vp8: eb34c28f22e8b96e1ab97ce403110664 -> 
  custom:video-codec-MediaFoundation-h265: 746d11721c4dcdbdad8f713fa42b33f4 -> 
  custom:video-decoder-webm-vp8: 9c59270c3fd7afecdb556c50c9e8de78 -> 
  custom:audio-decoder-ogg-vorbis: bf7c407c2cedff20999df2af8eb42d56 -> 
  custom:audio-encoder-webm-vorbis: bf7c407c2cedff20999df2af8eb42d56 -> 
========================================================================
Received Import Request.
  Time since last request: 171.750256 seconds.
  path: Assets/Scripts/Cards/Albahaca.asset
  artifactKey: Guid(584bf866fa34eb74b8e4efcde54d4edf) Importer(815301076,1909f56bfc062723c751e8b465ee728b)
Start importing Assets/Scripts/Cards/Albahaca.asset using Guid(584bf866fa34eb74b8e4efcde54d4edf) Importer(815301076,1909f56bfc062723c751e8b465ee728b)  -> (artifact id: '524a5f01078b6085da81c8799a7d37cf') in 0.019615 seconds 
  Import took 0.023051 seconds .

========================================================================
Received Import Request.
  Time since last request: 14.543050 seconds.
  path: Assets/Scripts/Cards/albahaca.asset
  artifactKey: Guid(584bf866fa34eb74b8e4efcde54d4edf) Importer(815301076,1909f56bfc062723c751e8b465ee728b)
Start importing Assets/Scripts/Cards/albahaca.asset using Guid(584bf866fa34eb74b8e4efcde54d4edf) Importer(815301076,1909f56bfc062723c751e8b465ee728b)  -> (artifact id: '0418f0357b6e24ef7bb91c5cab48f29c') in 0.008527 seconds 
  Import took 0.012037 seconds .

========================================================================
Received Import Request.
  Time since last request: 137.568864 seconds.
  path: Assets/Scripts/Cards/Cilantro.asset
  artifactKey: Guid(1516e68d3de9d21489dffcb21ad50b94) Importer(815301076,1909f56bfc062723c751e8b465ee728b)
Start importing Assets/Scripts/Cards/Cilantro.asset using Guid(1516e68d3de9d21489dffcb21ad50b94) Importer(815301076,1909f56bfc062723c751e8b465ee728b)  -> (artifact id: '430562e466e336b2f30028f1808cb268') in 0.008813 seconds 
  Import took 0.012989 seconds .

========================================================================
Received Import Request.
  Time since last request: 6.320753 seconds.
  path: Assets/Scripts/Cards/cilantro.asset
  artifactKey: Guid(1516e68d3de9d21489dffcb21ad50b94) Importer(815301076,1909f56bfc062723c751e8b465ee728b)
Start importing Assets/Scripts/Cards/cilantro.asset using Guid(1516e68d3de9d21489dffcb21ad50b94) Importer(815301076,1909f56bfc062723c751e8b465ee728b)  -> (artifact id: '41a5d52b9adcaee12d1525bebe116a5b') in 0.007440 seconds 
  Import took 0.011518 seconds .

========================================================================
Received Import Request.
  Time since last request: 68.528023 seconds.
  path: Assets/Scripts/Cards/oregano.asset
  artifactKey: Guid(0082ba17a84f52e4388b3dfb5ae6b4d6) Importer(815301076,1909f56bfc062723c751e8b465ee728b)
Start importing Assets/Scripts/Cards/oregano.asset using Guid(0082ba17a84f52e4388b3dfb5ae6b4d6) Importer(815301076,1909f56bfc062723c751e8b465ee728b)  -> (artifact id: 'c908d19f5f23c50cf93ce62da5451ddb') in 0.008265 seconds 
  Import took 0.012691 seconds .

========================================================================
Received Import Request.
  Time since last request: 65.079863 seconds.
  path: Assets/Scripts/Cards/sesamo.asset
  artifactKey: Guid(29d1ddca083d4bf488fdafad69ffaae4) Importer(815301076,1909f56bfc062723c751e8b465ee728b)
Start importing Assets/Scripts/Cards/sesamo.asset using Guid(29d1ddca083d4bf488fdafad69ffaae4) Importer(815301076,1909f56bfc062723c751e8b465ee728b)  -> (artifact id: 'c2a4b60f4974481d376bee54bf410c6e') in 0.008941 seconds 
  Import took 0.012967 seconds .

========================================================================
Received Import Request.
  Time since last request: 46.579332 seconds.
  path: Assets/Scripts/Cards/holandesa.asset
  artifactKey: Guid(3f348ab5fe173464cbcffb8991ccdc7d) Importer(815301076,1909f56bfc062723c751e8b465ee728b)
Start importing Assets/Scripts/Cards/holandesa.asset using Guid(3f348ab5fe173464cbcffb8991ccdc7d) Importer(815301076,1909f56bfc062723c751e8b465ee728b)  -> (artifact id: 'cd23eabb4820e7d195b0f8ac3c6e87ea') in 0.002577 seconds 
  Import took 0.006821 seconds .

========================================================================
Received Import Request.
  Time since last request: 10.408178 seconds.
  path: Assets/Scripts/Cards/comino.asset
  artifactKey: Guid(f28707a449ef782419e13721e27d3841) Importer(815301076,1909f56bfc062723c751e8b465ee728b)
Start importing Assets/Scripts/Cards/comino.asset using Guid(f28707a449ef782419e13721e27d3841) Importer(815301076,1909f56bfc062723c751e8b465ee728b)  -> (artifact id: 'afa0b87278309a36a2454832d253f490') in 0.007043 seconds 
  Import took 0.010970 seconds .

========================================================================
Received Import Request.
  Time since last request: 42.621586 seconds.
  path: Assets/Scripts/Cards/comino.asset
  artifactKey: Guid(f28707a449ef782419e13721e27d3841) Importer(815301076,1909f56bfc062723c751e8b465ee728b)
Start importing Assets/Scripts/Cards/comino.asset using Guid(f28707a449ef782419e13721e27d3841) Importer(815301076,1909f56bfc062723c751e8b465ee728b)  -> (artifact id: '4c1f7001d8d27d45d62faef3d776a1ef') in 0.002294 seconds 
  Import took 0.007302 seconds .

========================================================================
Received Import Request.
  Time since last request: 3.580697 seconds.
  path: Assets/Scripts/Cards/cilantro.asset
  artifactKey: Guid(1516e68d3de9d21489dffcb21ad50b94) Importer(815301076,1909f56bfc062723c751e8b465ee728b)
Start importing Assets/Scripts/Cards/cilantro.asset using Guid(1516e68d3de9d21489dffcb21ad50b94) Importer(815301076,1909f56bfc062723c751e8b465ee728b)  -> (artifact id: '9ff032c6529dea70e9b4a7bef5b22d44') in 0.003105 seconds 
  Import took 0.006778 seconds .

========================================================================
Received Import Request.
  Time since last request: 361.118989 seconds.
  path: Assets/Scripts/Cards/ajo.asset
  artifactKey: Guid(3c384ac62269e254ba79698b684097c4) Importer(815301076,1909f56bfc062723c751e8b465ee728b)
Start importing Assets/Scripts/Cards/ajo.asset using Guid(3c384ac62269e254ba79698b684097c4) Importer(815301076,1909f56bfc062723c751e8b465ee728b)  -> (artifact id: 'ec517fc6ff38be9105b48fe8ed35eaef') in 0.003062 seconds 
  Import took 0.007198 seconds .

========================================================================
Received Import Request.
  Time since last request: 10.406371 seconds.
  path: Assets/Scripts/Cards/albahaca.asset
  artifactKey: Guid(584bf866fa34eb74b8e4efcde54d4edf) Importer(815301076,1909f56bfc062723c751e8b465ee728b)
Start importing Assets/Scripts/Cards/albahaca.asset using Guid(584bf866fa34eb74b8e4efcde54d4edf) Importer(815301076,1909f56bfc062723c751e8b465ee728b)  -> (artifact id: '71590c9253f734240485df16ce0b1aa0') in 0.003004 seconds 
  Import took 0.006603 seconds .

========================================================================
Received Import Request.
  Time since last request: 641.239024 seconds.
  path: Assets/Scripts/Cards/mayonesa.asset
  artifactKey: Guid(a1a24ca64094ddf449b8100f536551dd) Importer(815301076,1909f56bfc062723c751e8b465ee728b)
Start importing Assets/Scripts/Cards/mayonesa.asset using Guid(a1a24ca64094ddf449b8100f536551dd) Importer(815301076,1909f56bfc062723c751e8b465ee728b)  -> (artifact id: 'edf4f2e1866c95738e63fc80bd9ec7e9') in 0.002683 seconds 
  Import took 0.007262 seconds .

========================================================================
Received Import Request.
  Time since last request: 3891.023514 seconds.
  path: Assets/Scripts
  artifactKey: Guid(c5733cbf57b1e6f4e8d5ffae64cfbc5f) Importer(815301076,1909f56bfc062723c751e8b465ee728b)
Start importing Assets/Scripts using Guid(c5733cbf57b1e6f4e8d5ffae64cfbc5f) Importer(815301076,1909f56bfc062723c751e8b465ee728b)  -> (artifact id: '9799a2b8df08c7bcd4b162b4c32fde1c') in 0.007957 seconds 
  Import took 0.012546 seconds .

========================================================================
Received Import Request.
  Time since last request: 10.849926 seconds.
  path: Assets/Scripts/Player.cs
  artifactKey: Guid(4b28444024eb1354a98160234d804675) Importer(815301076,1909f56bfc062723c751e8b465ee728b)
Start importing Assets/Scripts/Player.cs using Guid(4b28444024eb1354a98160234d804675) Importer(815301076,1909f56bfc062723c751e8b465ee728b)  -> (artifact id: 'cc8a21d1b294324900b24e50f8a321c4') in 0.124191 seconds 
  Import took 0.129021 seconds .

========================================================================
Received Prepare
Registering precompiled user dll's ...
Registered in 0.007454 seconds.
Begin MonoManager ReloadAssembly
Native extension for WindowsStandalone target not found
Refreshing native plugins compatible for Editor in 0.44 ms, found 3 plugins.
Preloading 0 native plugins for Editor in 0.00 ms.
Mono: successfully reloaded assembly
- Completed reload, in  0.967 seconds
Domain Reload Profiling:
	ReloadAssembly (971ms)
		BeginReloadAssembly (162ms)
			ExecutionOrderSort (0ms)
			DisableScriptedObjects (15ms)
			BackupInstance (0ms)
			ReleaseScriptingObjects (0ms)
			CreateAndSetChildDomain (69ms)
		EndReloadAssembly (750ms)
			LoadAssemblies (87ms)
			RebuildTransferFunctionScriptingTraits (0ms)
			SetupTypeCache (274ms)
			ReleaseScriptCaches (1ms)
			RebuildScriptCaches (37ms)
			SetupLoadedEditorAssemblies (259ms)
				LogAssemblyErrors (0ms)
				InitializePlatformSupportModulesInManaged (4ms)
				SetLoadedEditorAssemblies (1ms)
				RefreshPlugins (0ms)
				BeforeProcessingInitializeOnLoad (76ms)
				ProcessInitializeOnLoadAttributes (163ms)
				ProcessInitializeOnLoadMethodAttributes (10ms)
				AfterProcessingInitializeOnLoad (5ms)
				EditorAssembliesLoaded (0ms)
			ExecutionOrderSort2 (0ms)
			AwakeInstancesAfterBackupRestoration (8ms)
Platform modules already initialized, skipping
Refreshing native plugins compatible for Editor in 0.42 ms, found 3 plugins.
Preloading 0 native plugins for Editor in 0.00 ms.
Unloading 2191 Unused Serialized files (Serialized files now loaded: 0)
System memory in use before: 95.4 MB.
System memory in use after: 95.5 MB.

Unloading 17 unused Assets to reduce memory usage. Loaded Objects now: 2639.
Total: 2.934800 ms (FindLiveObjects: 0.168400 ms CreateObjectMapping: 0.084800 ms MarkObjects: 2.665400 ms  DeleteObjects: 0.015100 ms)
=======
Total: 3.112800 ms (FindLiveObjects: 0.168800 ms CreateObjectMapping: 0.089500 ms MarkObjects: 2.804600 ms  DeleteObjects: 0.049100 ms)
>>>>>>> b0541dbf92c5954edd8c01ab51909a0cf1030270

AssetImportParameters requested are different than current active one (requested -> active):
  custom:framework-win-MediaFoundation: 216162199b28c13a410421893ffa2e32 -> 
  custom:video-decoder-ogg-theora: a1e56fd34408186e4bbccfd4996cb3dc -> 
  custom:container-muxer-webm: aa71ff27fc2769a1b78a27578f13a17b -> 
  custom:container-demuxer-webm: 4f35f7cbe854078d1ac9338744f61a02 -> 
  custom:container-demuxer-ogg: 62fdf1f143b41e24485cea50d1cbac27 -> 
  custom:video-encoder-webm-vp8: eb34c28f22e8b96e1ab97ce403110664 -> 
  custom:video-codec-MediaFoundation-h265: 746d11721c4dcdbdad8f713fa42b33f4 -> 
  custom:video-decoder-webm-vp8: 9c59270c3fd7afecdb556c50c9e8de78 -> 
  custom:audio-decoder-ogg-vorbis: bf7c407c2cedff20999df2af8eb42d56 -> 
  custom:audio-encoder-webm-vorbis: bf7c407c2cedff20999df2af8eb42d56 -> 
========================================================================
Received Import Request.
<<<<<<< HEAD
  Time since last request: 44.768575 seconds.
  path: Assets/Scripts/Deck.cs
  artifactKey: Guid(293449fb028782b42a18745c66c00bdf) Importer(815301076,1909f56bfc062723c751e8b465ee728b)
Start importing Assets/Scripts/Deck.cs using Guid(293449fb028782b42a18745c66c00bdf) Importer(815301076,1909f56bfc062723c751e8b465ee728b)  -> (artifact id: '07c1df8c4080f3fd06abf4aa5158e72e') in 0.010932 seconds 
  Import took 0.017221 seconds .

========================================================================
Received Prepare
Registering precompiled user dll's ...
Registered in 0.004570 seconds.
Begin MonoManager ReloadAssembly
Native extension for WindowsStandalone target not found
Refreshing native plugins compatible for Editor in 0.49 ms, found 3 plugins.
Preloading 0 native plugins for Editor in 0.00 ms.
Mono: successfully reloaded assembly
- Completed reload, in  1.282 seconds
Domain Reload Profiling:
	ReloadAssembly (1283ms)
		BeginReloadAssembly (224ms)
			ExecutionOrderSort (0ms)
			DisableScriptedObjects (7ms)
			BackupInstance (0ms)
			ReleaseScriptingObjects (0ms)
			CreateAndSetChildDomain (134ms)
		EndReloadAssembly (981ms)
			LoadAssemblies (111ms)
			RebuildTransferFunctionScriptingTraits (0ms)
			SetupTypeCache (475ms)
			ReleaseScriptCaches (1ms)
			RebuildScriptCaches (41ms)
			SetupLoadedEditorAssemblies (263ms)
				LogAssemblyErrors (0ms)
				InitializePlatformSupportModulesInManaged (4ms)
				SetLoadedEditorAssemblies (1ms)
				RefreshPlugins (1ms)
				BeforeProcessingInitializeOnLoad (75ms)
				ProcessInitializeOnLoadAttributes (166ms)
				ProcessInitializeOnLoadMethodAttributes (11ms)
				AfterProcessingInitializeOnLoad (5ms)
				EditorAssembliesLoaded (0ms)
			ExecutionOrderSort2 (0ms)
			AwakeInstancesAfterBackupRestoration (8ms)
Platform modules already initialized, skipping
Refreshing native plugins compatible for Editor in 0.43 ms, found 3 plugins.
Preloading 0 native plugins for Editor in 0.00 ms.
Unloading 2192 Unused Serialized files (Serialized files now loaded: 0)
System memory in use before: 95.4 MB.
System memory in use after: 95.5 MB.

Unloading 17 unused Assets to reduce memory usage. Loaded Objects now: 2642.
Total: 2.560500 ms (FindLiveObjects: 0.162700 ms CreateObjectMapping: 0.129400 ms MarkObjects: 2.255400 ms  DeleteObjects: 0.012300 ms)

AssetImportParameters requested are different than current active one (requested -> active):
  custom:framework-win-MediaFoundation: 216162199b28c13a410421893ffa2e32 -> 
  custom:video-decoder-ogg-theora: a1e56fd34408186e4bbccfd4996cb3dc -> 
  custom:container-muxer-webm: aa71ff27fc2769a1b78a27578f13a17b -> 
  custom:container-demuxer-webm: 4f35f7cbe854078d1ac9338744f61a02 -> 
  custom:container-demuxer-ogg: 62fdf1f143b41e24485cea50d1cbac27 -> 
  custom:video-encoder-webm-vp8: eb34c28f22e8b96e1ab97ce403110664 -> 
  custom:video-codec-MediaFoundation-h265: 746d11721c4dcdbdad8f713fa42b33f4 -> 
  custom:video-decoder-webm-vp8: 9c59270c3fd7afecdb556c50c9e8de78 -> 
  custom:audio-decoder-ogg-vorbis: bf7c407c2cedff20999df2af8eb42d56 -> 
  custom:audio-encoder-webm-vorbis: bf7c407c2cedff20999df2af8eb42d56 -> 
========================================================================
Received Prepare
Registering precompiled user dll's ...
Registered in 0.007202 seconds.
Begin MonoManager ReloadAssembly
Native extension for WindowsStandalone target not found
Refreshing native plugins compatible for Editor in 0.43 ms, found 3 plugins.
Preloading 0 native plugins for Editor in 0.00 ms.
Mono: successfully reloaded assembly
- Completed reload, in  0.881 seconds
Domain Reload Profiling:
	ReloadAssembly (881ms)
		BeginReloadAssembly (105ms)
			ExecutionOrderSort (0ms)
			DisableScriptedObjects (6ms)
			BackupInstance (0ms)
			ReleaseScriptingObjects (0ms)
			CreateAndSetChildDomain (30ms)
		EndReloadAssembly (722ms)
			LoadAssemblies (79ms)
			RebuildTransferFunctionScriptingTraits (0ms)
			SetupTypeCache (261ms)
			ReleaseScriptCaches (1ms)
			RebuildScriptCaches (36ms)
			SetupLoadedEditorAssemblies (258ms)
				LogAssemblyErrors (0ms)
				InitializePlatformSupportModulesInManaged (4ms)
				SetLoadedEditorAssemblies (0ms)
				RefreshPlugins (0ms)
				BeforeProcessingInitializeOnLoad (74ms)
				ProcessInitializeOnLoadAttributes (164ms)
				ProcessInitializeOnLoadMethodAttributes (10ms)
				AfterProcessingInitializeOnLoad (5ms)
				EditorAssembliesLoaded (0ms)
			ExecutionOrderSort2 (0ms)
			AwakeInstancesAfterBackupRestoration (7ms)
Platform modules already initialized, skipping
Refreshing native plugins compatible for Editor in 0.43 ms, found 3 plugins.
Preloading 0 native plugins for Editor in 0.00 ms.
Unloading 2192 Unused Serialized files (Serialized files now loaded: 0)
System memory in use before: 95.4 MB.
System memory in use after: 95.5 MB.

Unloading 17 unused Assets to reduce memory usage. Loaded Objects now: 2644.
Total: 3.041900 ms (FindLiveObjects: 0.165000 ms CreateObjectMapping: 0.082100 ms MarkObjects: 2.778900 ms  DeleteObjects: 0.014900 ms)

AssetImportParameters requested are different than current active one (requested -> active):
  custom:framework-win-MediaFoundation: 216162199b28c13a410421893ffa2e32 -> 
  custom:video-decoder-ogg-theora: a1e56fd34408186e4bbccfd4996cb3dc -> 
  custom:container-muxer-webm: aa71ff27fc2769a1b78a27578f13a17b -> 
  custom:container-demuxer-webm: 4f35f7cbe854078d1ac9338744f61a02 -> 
  custom:container-demuxer-ogg: 62fdf1f143b41e24485cea50d1cbac27 -> 
  custom:video-encoder-webm-vp8: eb34c28f22e8b96e1ab97ce403110664 -> 
  custom:video-codec-MediaFoundation-h265: 746d11721c4dcdbdad8f713fa42b33f4 -> 
  custom:video-decoder-webm-vp8: 9c59270c3fd7afecdb556c50c9e8de78 -> 
  custom:audio-decoder-ogg-vorbis: bf7c407c2cedff20999df2af8eb42d56 -> 
  custom:audio-encoder-webm-vorbis: bf7c407c2cedff20999df2af8eb42d56 -> 
========================================================================
Received Import Request.
  Time since last request: 1289.947090 seconds.
  path: Assets/Scripts/Deck.cs
  artifactKey: Guid(293449fb028782b42a18745c66c00bdf) Importer(815301076,1909f56bfc062723c751e8b465ee728b)
Start importing Assets/Scripts/Deck.cs using Guid(293449fb028782b42a18745c66c00bdf) Importer(815301076,1909f56bfc062723c751e8b465ee728b)  -> (artifact id: 'b4f7f0ff1fa2b15910366a286a526558') in 0.004326 seconds 
  Import took 0.007122 seconds .
=======
  path: Assets/Scripts/Cards
  artifactKey: Guid(ecbdb1b0e5a984547b3316afb5e42b33) Importer(815301076,1909f56bfc062723c751e8b465ee728b)
Start importing Assets/Scripts/Cards using Guid(ecbdb1b0e5a984547b3316afb5e42b33) Importer(815301076,1909f56bfc062723c751e8b465ee728b)  -> (artifact id: '08834a8e766c821b6508eb336a76a2f0') in 0.007388 seconds 
  Import took 0.010830 seconds .

========================================================================
Received Import Request.
  Time since last request: 26.616312 seconds.
  path: Assets/Scripts/Cards/papa.asset
  artifactKey: Guid(e313575f2b80a834799df23dafaf7c25) Importer(815301076,1909f56bfc062723c751e8b465ee728b)
Start importing Assets/Scripts/Cards/papa.asset using Guid(e313575f2b80a834799df23dafaf7c25) Importer(815301076,1909f56bfc062723c751e8b465ee728b)  -> (artifact id: 'c231af7213558ef0069c337c25d2151a') in 0.039203 seconds 
  Import took 0.042719 seconds .
>>>>>>> b0541dbf92c5954edd8c01ab51909a0cf1030270

AssetImportWorkerClient::OnTransportError - code=2 error=End of file
