Using pre-set license
Built from '2020.3/staging' branch; Version is '2020.3.26f1 (7298b473bc1a) revision 7510196'; Using compiler version '192528614'; Build Type 'Release'
OS: 'Windows 10  (10.0.19044) 64bit Core' Language: 'en' Physical Memory: 16269 MB
BatchMode: 1, IsHumanControllingUs: 0, StartBugReporterOnCrash: 0, Is64bit: 1, IsPro: 0

COMMAND LINE ARGUMENTS:
C:\Program Files\Unity\Hub\Editor\2020.3.26f1\Editor\Unity.exe
-adb2
-batchMode
-noUpm
-name
AssetImportWorker0
-projectPath
D:/HTML/RD/taller_dos
-logFile
Logs/AssetImportWorker0.log
-srvPort
50498
Successfully changed project path to: D:/HTML/RD/taller_dos
D:/HTML/RD/taller_dos
Using Asset Import Pipeline V2.
Refreshing native plugins compatible for Editor in 53.23 ms, found 3 plugins.
Preloading 0 native plugins for Editor in 0.00 ms.
Initialize engine version: 2020.3.26f1 (7298b473bc1a)
[Subsystems] Discovering subsystems at path C:/Program Files/Unity/Hub/Editor/2020.3.26f1/Editor/Data/Resources/UnitySubsystems
[Subsystems] Discovering subsystems at path D:/HTML/RD/taller_dos/Assets
GfxDevice: creating device client; threaded=0
Direct3D:
    Version:  Direct3D 11.0 [level 11.1]
    Renderer: NVIDIA GeForce GTX 1070 (ID=0x1ba1)
    Vendor:   
    VRAM:     8081 MB
    Driver:   30.0.14.9676
Initialize mono
Mono path[0] = 'C:/Program Files/Unity/Hub/Editor/2020.3.26f1/Editor/Data/Managed'
Mono path[1] = 'C:/Program Files/Unity/Hub/Editor/2020.3.26f1/Editor/Data/MonoBleedingEdge/lib/mono/unityjit'
Mono config path = 'C:/Program Files/Unity/Hub/Editor/2020.3.26f1/Editor/Data/MonoBleedingEdge/etc'
Using monoOptions --debugger-agent=transport=dt_socket,embedding=1,server=y,suspend=n,address=127.0.0.1:56416
Begin MonoManager ReloadAssembly
Registering precompiled unity dll's ...
Register platform support module: C:/Program Files/Unity/Hub/Editor/2020.3.26f1/Editor/Data/PlaybackEngines/WindowsStandaloneSupport/UnityEditor.WindowsStandalone.Extensions.dll
Registered in 0.002071 seconds.
Native extension for WindowsStandalone target not found
Refreshing native plugins compatible for Editor in 51.23 ms, found 3 plugins.
Preloading 0 native plugins for Editor in 0.00 ms.
Mono: successfully reloaded assembly
- Completed reload, in  0.694 seconds
Domain Reload Profiling:
	ReloadAssembly (694ms)
		BeginReloadAssembly (64ms)
			ExecutionOrderSort (0ms)
			DisableScriptedObjects (0ms)
			BackupInstance (0ms)
			ReleaseScriptingObjects (0ms)
			CreateAndSetChildDomain (1ms)
		EndReloadAssembly (545ms)
			LoadAssemblies (61ms)
			RebuildTransferFunctionScriptingTraits (0ms)
			SetupTypeCache (185ms)
			ReleaseScriptCaches (0ms)
			RebuildScriptCaches (37ms)
			SetupLoadedEditorAssemblies (200ms)
				LogAssemblyErrors (0ms)
				InitializePlatformSupportModulesInManaged (5ms)
				SetLoadedEditorAssemblies (0ms)
				RefreshPlugins (51ms)
				BeforeProcessingInitializeOnLoad (19ms)
				ProcessInitializeOnLoadAttributes (92ms)
				ProcessInitializeOnLoadMethodAttributes (32ms)
				AfterProcessingInitializeOnLoad (0ms)
				EditorAssembliesLoaded (0ms)
			ExecutionOrderSort2 (0ms)
			AwakeInstancesAfterBackupRestoration (0ms)
Platform modules already initialized, skipping
Registering precompiled user dll's ...
Registered in 0.003904 seconds.
Begin MonoManager ReloadAssembly
Native extension for WindowsStandalone target not found
Refreshing native plugins compatible for Editor in 104.34 ms, found 3 plugins.
Preloading 0 native plugins for Editor in 0.00 ms.
Mono: successfully reloaded assembly
- Completed reload, in  1.488 seconds
Domain Reload Profiling:
	ReloadAssembly (1489ms)
		BeginReloadAssembly (168ms)
			ExecutionOrderSort (0ms)
			DisableScriptedObjects (5ms)
			BackupInstance (0ms)
			ReleaseScriptingObjects (0ms)
			CreateAndSetChildDomain (22ms)
		EndReloadAssembly (1251ms)
			LoadAssemblies (107ms)
			RebuildTransferFunctionScriptingTraits (0ms)
			SetupTypeCache (372ms)
			ReleaseScriptCaches (0ms)
			RebuildScriptCaches (55ms)
			SetupLoadedEditorAssemblies (538ms)
				LogAssemblyErrors (0ms)
				InitializePlatformSupportModulesInManaged (6ms)
				SetLoadedEditorAssemblies (0ms)
				RefreshPlugins (105ms)
				BeforeProcessingInitializeOnLoad (153ms)
				ProcessInitializeOnLoadAttributes (245ms)
				ProcessInitializeOnLoadMethodAttributes (21ms)
				AfterProcessingInitializeOnLoad (7ms)
				EditorAssembliesLoaded (0ms)
			ExecutionOrderSort2 (0ms)
			AwakeInstancesAfterBackupRestoration (8ms)
Platform modules already initialized, skipping
========================================================================
Worker process is ready to serve import requests
Launched and connected shader compiler UnityShaderCompiler.exe after 0.12 seconds
Refreshing native plugins compatible for Editor in 0.48 ms, found 3 plugins.
Preloading 0 native plugins for Editor in 0.00 ms.
Unloading 2203 Unused Serialized files (Serialized files now loaded: 0)
System memory in use before: 96.0 MB.
System memory in use after: 96.0 MB.

Unloading 28 unused Assets to reduce memory usage. Loaded Objects now: 2636.
Total: 4.060500 ms (FindLiveObjects: 0.437900 ms CreateObjectMapping: 0.131600 ms MarkObjects: 3.387100 ms  DeleteObjects: 0.101800 ms)

AssetImportParameters requested are different than current active one (requested -> active):
  custom:framework-win-MediaFoundation: 216162199b28c13a410421893ffa2e32 -> 
  custom:video-decoder-ogg-theora: a1e56fd34408186e4bbccfd4996cb3dc -> 
  custom:container-muxer-webm: aa71ff27fc2769a1b78a27578f13a17b -> 
  custom:container-demuxer-webm: 4f35f7cbe854078d1ac9338744f61a02 -> 
  custom:container-demuxer-ogg: 62fdf1f143b41e24485cea50d1cbac27 -> 
  custom:video-encoder-webm-vp8: eb34c28f22e8b96e1ab97ce403110664 -> 
  custom:video-decoder-webm-vp8: 9c59270c3fd7afecdb556c50c9e8de78 -> 
  custom:audio-decoder-ogg-vorbis: bf7c407c2cedff20999df2af8eb42d56 -> 
  custom:audio-encoder-webm-vorbis: bf7c407c2cedff20999df2af8eb42d56 -> 
========================================================================
Received Import Request.
  path: Assets/Scripts
  artifactKey: Guid(c5733cbf57b1e6f4e8d5ffae64cfbc5f) Importer(815301076,1909f56bfc062723c751e8b465ee728b)
Start importing Assets/Scripts using Guid(c5733cbf57b1e6f4e8d5ffae64cfbc5f) Importer(815301076,1909f56bfc062723c751e8b465ee728b)  -> (artifact id: '1a3e81e10496aabb4e503a7b838d2fe3') in 0.010356 seconds 
  Import took 0.015624 seconds .

========================================================================
Received Import Request.
  Time since last request: 0.000561 seconds.
  path: Assets/Scripts/Deck.cs
  artifactKey: Guid(293449fb028782b42a18745c66c00bdf) Importer(815301076,1909f56bfc062723c751e8b465ee728b)
Start importing Assets/Scripts/Deck.cs using Guid(293449fb028782b42a18745c66c00bdf) Importer(815301076,1909f56bfc062723c751e8b465ee728b)  -> (artifact id: '69e37bbb06c85370db81b613eec0d18f') in 0.094117 seconds 
  Import took 0.098241 seconds .

========================================================================
Received Import Request.
  Time since last request: 24.792589 seconds.
  path: Assets/Scripts/Cards
  artifactKey: Guid(ecbdb1b0e5a984547b3316afb5e42b33) Importer(815301076,1909f56bfc062723c751e8b465ee728b)
Start importing Assets/Scripts/Cards using Guid(ecbdb1b0e5a984547b3316afb5e42b33) Importer(815301076,1909f56bfc062723c751e8b465ee728b)  -> (artifact id: '08bad5cc393db25dd56344683de0e536') in 0.049547 seconds 
  Import took 0.082576 seconds .

========================================================================
Received Import Request.
  Time since last request: 0.000822 seconds.
  path: Assets/Scripts/Cards/veloute.asset
  artifactKey: Guid(ee56bd17403c34d46bc351fbe4aa9a5e) Importer(815301076,1909f56bfc062723c751e8b465ee728b)
Start importing Assets/Scripts/Cards/veloute.asset using Guid(ee56bd17403c34d46bc351fbe4aa9a5e) Importer(815301076,1909f56bfc062723c751e8b465ee728b)  -> (artifact id: 'ea3254a38a361f038971be7e69ca5ca1') in 0.190694 seconds 
  Import took 0.235519 seconds .

========================================================================
Received Import Request.
  Time since last request: 0.000657 seconds.
  path: Assets/Scripts/Cards/papa.asset
  artifactKey: Guid(e313575f2b80a834799df23dafaf7c25) Importer(815301076,1909f56bfc062723c751e8b465ee728b)
Start importing Assets/Scripts/Cards/papa.asset using Guid(e313575f2b80a834799df23dafaf7c25) Importer(815301076,1909f56bfc062723c751e8b465ee728b)  -> (artifact id: 'b8b1b4a6854e86244e73ea03b51198e1') in 0.039127 seconds 
  Import took 0.047934 seconds .

========================================================================
Received Import Request.
  Time since last request: 0.000121 seconds.
  path: Assets/Scripts/Cards/cilantro.asset
  artifactKey: Guid(1516e68d3de9d21489dffcb21ad50b94) Importer(815301076,1909f56bfc062723c751e8b465ee728b)
Start importing Assets/Scripts/Cards/cilantro.asset using Guid(1516e68d3de9d21489dffcb21ad50b94) Importer(815301076,1909f56bfc062723c751e8b465ee728b)  -> (artifact id: '1a80dacaabac0848b54f07fbb56201e2') in 0.022549 seconds 
  Import took 0.031624 seconds .

========================================================================
Received Import Request.
  Time since last request: 0.000811 seconds.
  path: Assets/Scripts/Cards/holandesa.asset
  artifactKey: Guid(3f348ab5fe173464cbcffb8991ccdc7d) Importer(815301076,1909f56bfc062723c751e8b465ee728b)
Start importing Assets/Scripts/Cards/holandesa.asset using Guid(3f348ab5fe173464cbcffb8991ccdc7d) Importer(815301076,1909f56bfc062723c751e8b465ee728b)  -> (artifact id: 'ab41fd19a9d5b56d631697575eefcb1d') in 0.015281 seconds 
  Import took 0.021353 seconds .

========================================================================
Received Import Request.
  Time since last request: 0.000648 seconds.
  path: Assets/Scripts/Cards/comino.asset
  artifactKey: Guid(f28707a449ef782419e13721e27d3841) Importer(815301076,1909f56bfc062723c751e8b465ee728b)
Start importing Assets/Scripts/Cards/comino.asset using Guid(f28707a449ef782419e13721e27d3841) Importer(815301076,1909f56bfc062723c751e8b465ee728b)  -> (artifact id: '83522f2bde02940a8144519ff0d04571') in 0.017133 seconds 
  Import took 0.025005 seconds .

========================================================================
Received Import Request.
  Time since last request: 0.000749 seconds.
  path: Assets/Scripts/Cards/ginseng.asset
  artifactKey: Guid(97a815d90ba149246b7ba80cf830f5b8) Importer(815301076,1909f56bfc062723c751e8b465ee728b)
Start importing Assets/Scripts/Cards/ginseng.asset using Guid(97a815d90ba149246b7ba80cf830f5b8) Importer(815301076,1909f56bfc062723c751e8b465ee728b)  -> (artifact id: 'cd23fab520219b786c3a9a1be6bffcb0') in 0.027947 seconds 
  Import took 0.040804 seconds .

========================================================================
Received Import Request.
  Time since last request: 0.000486 seconds.
  path: Assets/Scripts/Cards/sesamo.asset
  artifactKey: Guid(29d1ddca083d4bf488fdafad69ffaae4) Importer(815301076,1909f56bfc062723c751e8b465ee728b)
Start importing Assets/Scripts/Cards/sesamo.asset using Guid(29d1ddca083d4bf488fdafad69ffaae4) Importer(815301076,1909f56bfc062723c751e8b465ee728b)  -> (artifact id: '9a8c8b9024ca61194cf32dc7b024ca88') in 0.027169 seconds 
  Import took 0.038153 seconds .

========================================================================
Received Import Request.
  Time since last request: 0.000596 seconds.
  path: Assets/Scripts/Cards/mayonesa.asset
  artifactKey: Guid(a1a24ca64094ddf449b8100f536551dd) Importer(815301076,1909f56bfc062723c751e8b465ee728b)
Start importing Assets/Scripts/Cards/mayonesa.asset using Guid(a1a24ca64094ddf449b8100f536551dd) Importer(815301076,1909f56bfc062723c751e8b465ee728b)  -> (artifact id: 'e059632d933646877812b0bcaebebc3c') in 0.015953 seconds 
  Import took 0.027131 seconds .

========================================================================
Received Import Request.
  Time since last request: 0.000707 seconds.
  path: Assets/Scripts/Cards/yuca.asset
  artifactKey: Guid(b3b903aa870b25241b774f61b473933c) Importer(815301076,1909f56bfc062723c751e8b465ee728b)
Start importing Assets/Scripts/Cards/yuca.asset using Guid(b3b903aa870b25241b774f61b473933c) Importer(815301076,1909f56bfc062723c751e8b465ee728b)  -> (artifact id: 'b8178c305b631d7aa5fcb0dd0b051806') in 0.014564 seconds 
  Import took 0.025786 seconds .

========================================================================
Received Import Request.
  Time since last request: 0.002107 seconds.
  path: Assets/Scripts/Cards/bechamel.asset
  artifactKey: Guid(ff408336656f3c04c8a2b7799aaefa52) Importer(815301076,1909f56bfc062723c751e8b465ee728b)
Start importing Assets/Scripts/Cards/bechamel.asset using Guid(ff408336656f3c04c8a2b7799aaefa52) Importer(815301076,1909f56bfc062723c751e8b465ee728b)  -> (artifact id: '66374755f1a5b6725f29ab1584de5dbc') in 0.020687 seconds 
  Import took 0.027911 seconds .

========================================================================
Received Import Request.
  Time since last request: 0.000889 seconds.
  path: Assets/Scripts/Cards/boniato.asset
  artifactKey: Guid(495b16962871be446a1dc5bba5cf34e3) Importer(815301076,1909f56bfc062723c751e8b465ee728b)
Start importing Assets/Scripts/Cards/boniato.asset using Guid(495b16962871be446a1dc5bba5cf34e3) Importer(815301076,1909f56bfc062723c751e8b465ee728b)  -> (artifact id: 'd535b018c51e777c9d3ce28bd0e32374') in 0.015430 seconds 
  Import took 0.023982 seconds .

========================================================================
Received Import Request.
  Time since last request: 0.000527 seconds.
  path: Assets/Scripts/Cards/jengibre.asset
  artifactKey: Guid(239f9b9f1b16a71498210b67fe61f092) Importer(815301076,1909f56bfc062723c751e8b465ee728b)
Start importing Assets/Scripts/Cards/jengibre.asset using Guid(239f9b9f1b16a71498210b67fe61f092) Importer(815301076,1909f56bfc062723c751e8b465ee728b)  -> (artifact id: 'a4a7b667e9bbde4f2c34f1f36aa96d91') in 0.016875 seconds 
  Import took 0.024481 seconds .

========================================================================
Received Import Request.
  Time since last request: 0.000650 seconds.
  path: Assets/Scripts/Cards/wasabi.asset
  artifactKey: Guid(c8cc1abb06f63ce4ca60df6053a6300b) Importer(815301076,1909f56bfc062723c751e8b465ee728b)
Start importing Assets/Scripts/Cards/wasabi.asset using Guid(c8cc1abb06f63ce4ca60df6053a6300b) Importer(815301076,1909f56bfc062723c751e8b465ee728b)  -> (artifact id: 'e9bbbb833bd25e5672980e0d7ee3fadf') in 0.030193 seconds 
  Import took 0.042676 seconds .

========================================================================
Received Import Request.
  Time since last request: 0.000521 seconds.
  path: Assets/Scripts/Cards/albahaca.asset
  artifactKey: Guid(584bf866fa34eb74b8e4efcde54d4edf) Importer(815301076,1909f56bfc062723c751e8b465ee728b)
Start importing Assets/Scripts/Cards/albahaca.asset using Guid(584bf866fa34eb74b8e4efcde54d4edf) Importer(815301076,1909f56bfc062723c751e8b465ee728b)  -> (artifact id: '72442879bff7574f6d237eed0a2d446b') in 0.016571 seconds 
  Import took 0.029526 seconds .

========================================================================
Received Import Request.
  Time since last request: 0.000531 seconds.
  path: Assets/Scripts/Cards/oregano.asset
  artifactKey: Guid(0082ba17a84f52e4388b3dfb5ae6b4d6) Importer(815301076,1909f56bfc062723c751e8b465ee728b)
Start importing Assets/Scripts/Cards/oregano.asset using Guid(0082ba17a84f52e4388b3dfb5ae6b4d6) Importer(815301076,1909f56bfc062723c751e8b465ee728b)  -> (artifact id: '4bd9937e2fa82731141bb00022816453') in 0.026776 seconds 
  Import took 0.034216 seconds .

========================================================================
Received Import Request.
  Time since last request: 0.000623 seconds.
  path: Assets/Scripts/Cards/rabano.asset
  artifactKey: Guid(3e17f3006dfb5214f804b38476d963a9) Importer(815301076,1909f56bfc062723c751e8b465ee728b)
Start importing Assets/Scripts/Cards/rabano.asset using Guid(3e17f3006dfb5214f804b38476d963a9) Importer(815301076,1909f56bfc062723c751e8b465ee728b)  -> (artifact id: '9e76dc09e593aff3b918ba2decac2b13') in 0.015490 seconds 
  Import took 0.022974 seconds .

========================================================================
Received Import Request.
  Time since last request: 0.000405 seconds.
  path: Assets/Scripts/Cards/chufa.asset
  artifactKey: Guid(085d311aeea9ea744a1895f65180e32b) Importer(815301076,1909f56bfc062723c751e8b465ee728b)
Start importing Assets/Scripts/Cards/chufa.asset using Guid(085d311aeea9ea744a1895f65180e32b) Importer(815301076,1909f56bfc062723c751e8b465ee728b)  -> (artifact id: 'd7bd31ce4ddc5e60d9e5243ff6e0d11d') in 0.016047 seconds 
  Import took 0.023680 seconds .

========================================================================
Received Import Request.
  Time since last request: 0.000497 seconds.
  path: Assets/Scripts/Cards/zanahoria.asset
  artifactKey: Guid(14cb86d3571304149bd5b72c6d3dd54e) Importer(815301076,1909f56bfc062723c751e8b465ee728b)
Start importing Assets/Scripts/Cards/zanahoria.asset using Guid(14cb86d3571304149bd5b72c6d3dd54e) Importer(815301076,1909f56bfc062723c751e8b465ee728b)  -> (artifact id: 'f41c4c3f1a7f498a6625068de2b21e49') in 0.014358 seconds 
  Import took 0.020958 seconds .

========================================================================
Received Import Request.
  Time since last request: 0.001143 seconds.
  path: Assets/Scripts/Cards/barbacoa.asset
  artifactKey: Guid(4f1ba8c93287bb241b1fa12ec48f1874) Importer(815301076,1909f56bfc062723c751e8b465ee728b)
Start importing Assets/Scripts/Cards/barbacoa.asset using Guid(4f1ba8c93287bb241b1fa12ec48f1874) Importer(815301076,1909f56bfc062723c751e8b465ee728b)  -> (artifact id: '64dec81859e8bef8f4e381502003b2e2') in 0.012755 seconds 
  Import took 0.020047 seconds .

========================================================================
Received Import Request.
  Time since last request: 0.000510 seconds.
  path: Assets/Scripts/Cards/daikon.asset
  artifactKey: Guid(ec29de650ebb1454db92a13b78569ab3) Importer(815301076,1909f56bfc062723c751e8b465ee728b)
Start importing Assets/Scripts/Cards/daikon.asset using Guid(ec29de650ebb1454db92a13b78569ab3) Importer(815301076,1909f56bfc062723c751e8b465ee728b)  -> (artifact id: '6a0f3d814e45a18fcf1cd3267f915363') in 0.014493 seconds 
  Import took 0.022487 seconds .

========================================================================
Received Import Request.
  Time since last request: 0.000554 seconds.
  path: Assets/Scripts/Cards/ajo.asset
  artifactKey: Guid(3c384ac62269e254ba79698b684097c4) Importer(815301076,1909f56bfc062723c751e8b465ee728b)
Start importing Assets/Scripts/Cards/ajo.asset using Guid(3c384ac62269e254ba79698b684097c4) Importer(815301076,1909f56bfc062723c751e8b465ee728b)  -> (artifact id: '8ebfb66f16efe55441b870132134bd41') in 0.019577 seconds 
  Import took 0.029370 seconds .

========================================================================
Received Prepare
Registering precompiled user dll's ...
Registered in 0.004590 seconds.
Begin MonoManager ReloadAssembly
Native extension for WindowsStandalone target not found
Refreshing native plugins compatible for Editor in 0.50 ms, found 3 plugins.
Preloading 0 native plugins for Editor in 0.00 ms.
Mono: successfully reloaded assembly
- Completed reload, in  1.252 seconds
Domain Reload Profiling:
	ReloadAssembly (1253ms)
		BeginReloadAssembly (141ms)
			ExecutionOrderSort (0ms)
			DisableScriptedObjects (10ms)
			BackupInstance (0ms)
			ReleaseScriptingObjects (0ms)
			CreateAndSetChildDomain (40ms)
		EndReloadAssembly (1035ms)
			LoadAssemblies (114ms)
			RebuildTransferFunctionScriptingTraits (0ms)
			SetupTypeCache (382ms)
			ReleaseScriptCaches (2ms)
			RebuildScriptCaches (47ms)
			SetupLoadedEditorAssemblies (373ms)
				LogAssemblyErrors (0ms)
				InitializePlatformSupportModulesInManaged (6ms)
				SetLoadedEditorAssemblies (1ms)
				RefreshPlugins (1ms)
				BeforeProcessingInitializeOnLoad (102ms)
				ProcessInitializeOnLoadAttributes (241ms)
				ProcessInitializeOnLoadMethodAttributes (15ms)
				AfterProcessingInitializeOnLoad (8ms)
				EditorAssembliesLoaded (0ms)
			ExecutionOrderSort2 (0ms)
			AwakeInstancesAfterBackupRestoration (12ms)
Platform modules already initialized, skipping
Refreshing native plugins compatible for Editor in 0.67 ms, found 3 plugins.
Preloading 0 native plugins for Editor in 0.00 ms.
Unloading 2192 Unused Serialized files (Serialized files now loaded: 0)
System memory in use before: 95.3 MB.
System memory in use after: 95.4 MB.

Unloading 17 unused Assets to reduce memory usage. Loaded Objects now: 2638.
Total: 4.360900 ms (FindLiveObjects: 0.200100 ms CreateObjectMapping: 0.181300 ms MarkObjects: 3.941600 ms  DeleteObjects: 0.034600 ms)

AssetImportParameters requested are different than current active one (requested -> active):
  custom:framework-win-MediaFoundation: 216162199b28c13a410421893ffa2e32 -> 
  custom:video-decoder-ogg-theora: a1e56fd34408186e4bbccfd4996cb3dc -> 
  custom:container-muxer-webm: aa71ff27fc2769a1b78a27578f13a17b -> 
  custom:container-demuxer-webm: 4f35f7cbe854078d1ac9338744f61a02 -> 
  custom:container-demuxer-ogg: 62fdf1f143b41e24485cea50d1cbac27 -> 
  custom:video-encoder-webm-vp8: eb34c28f22e8b96e1ab97ce403110664 -> 
  custom:video-decoder-webm-vp8: 9c59270c3fd7afecdb556c50c9e8de78 -> 
  custom:audio-decoder-ogg-vorbis: bf7c407c2cedff20999df2af8eb42d56 -> 
  custom:audio-encoder-webm-vorbis: bf7c407c2cedff20999df2af8eb42d56 -> 
AssetImportWorkerClient::OnTransportError - code=2 error=End of file
